<?xml version="1.0" encoding="UTF-8"?>
<coverage generated="1537797648929" clover="3.2.0">
  <project timestamp="1537797648930" name="All files">
    <metrics statements="119" coveredstatements="75" conditionals="79" coveredconditionals="38" methods="44" coveredmethods="27" elements="242" coveredelements="140" complexity="0" loc="119" ncloc="119" packages="2" files="10" classes="10">
      <package name="source">
        <metrics statements="0" coveredstatements="0" conditionals="0" coveredconditionals="0" methods="0" coveredmethods="0"/>
        <file name="classification.js" path="/mnt/c/Users/wild_/sandbox/reactbook/whinepad2/js/source/classification.js">
          <metrics statements="0" coveredstatements="0" conditionals="0" coveredconditionals="0" methods="0" coveredmethods="0"/>
        </file>
        <file name="schema.js" path="/mnt/c/Users/wild_/sandbox/reactbook/whinepad2/js/source/schema.js">
          <metrics statements="0" coveredstatements="0" conditionals="0" coveredconditionals="0" methods="0" coveredmethods="0"/>
        </file>
      </package>
      <package name="source.components">
        <metrics statements="119" coveredstatements="75" conditionals="79" coveredconditionals="38" methods="44" coveredmethods="27"/>
        <file name="Actions.js" path="/mnt/c/Users/wild_/sandbox/reactbook/whinepad2/js/source/components/Actions.js">
          <metrics statements="4" coveredstatements="4" conditionals="0" coveredconditionals="0" methods="2" coveredmethods="1"/>
          <line num="4" count="2" type="stmt"/>
          <line num="5" count="6" type="stmt"/>
          <line num="23" count="2" type="stmt"/>
          <line num="27" count="2" type="stmt"/>
        </file>
        <file name="Button.js" path="/mnt/c/Users/wild_/sandbox/reactbook/whinepad2/js/source/components/Button.js">
          <metrics statements="2" coveredstatements="2" conditionals="2" coveredconditionals="2" methods="1" coveredmethods="1"/>
          <line num="10" count="2" type="stmt"/>
          <line num="11" count="4" type="cond" truecount="2" falsecount="0"/>
        </file>
        <file name="Dialog.js" path="/mnt/c/Users/wild_/sandbox/reactbook/whinepad2/js/source/components/Dialog.js">
          <metrics statements="6" coveredstatements="6" conditionals="8" coveredconditionals="4" methods="4" coveredmethods="3"/>
          <line num="9" count="1" type="stmt"/>
          <line num="13" count="1" type="cond" truecount="1" falsecount="1"/>
          <line num="14" count="1" type="stmt"/>
          <line num="19" count="1" type="stmt"/>
          <line num="47" count="1" type="stmt"/>
          <line num="55" count="1" type="stmt"/>
        </file>
        <file name="Excel.js" path="/mnt/c/Users/wild_/sandbox/reactbook/whinepad2/js/source/components/Excel.js">
          <metrics statements="65" coveredstatements="43" conditionals="42" coveredconditionals="21" methods="19" coveredmethods="13"/>
          <line num="12" count="2" type="stmt"/>
          <line num="13" count="2" type="stmt"/>
          <line num="23" count="0" type="stmt"/>
          <line num="27" count="2" type="stmt"/>
          <line num="31" count="0" type="stmt"/>
          <line num="32" count="0" type="cond" truecount="0" falsecount="2"/>
          <line num="33" count="0" type="stmt"/>
          <line num="34" count="0" type="cond" truecount="0" falsecount="2"/>
          <line num="38" count="0" type="stmt"/>
          <line num="43" count="0" type="stmt"/>
          <line num="47" count="1" type="stmt"/>
          <line num="54" count="1" type="stmt"/>
          <line num="55" count="1" type="stmt"/>
          <line num="56" count="1" type="stmt"/>
          <line num="57" count="1" type="stmt"/>
          <line num="58" count="1" type="stmt"/>
          <line num="62" count="1" type="stmt"/>
          <line num="66" count="1" type="stmt"/>
          <line num="70" count="1" type="cond" truecount="1" falsecount="1"/>
          <line num="71" count="0" type="stmt"/>
          <line num="72" count="0" type="stmt"/>
          <line num="74" count="1" type="stmt"/>
          <line num="75" count="1" type="stmt"/>
          <line num="76" count="1" type="stmt"/>
          <line num="80" count="1" type="stmt"/>
          <line num="84" count="0" type="stmt"/>
          <line num="88" count="0" type="cond" truecount="0" falsecount="2"/>
          <line num="89" count="0" type="stmt"/>
          <line num="90" count="0" type="stmt"/>
          <line num="92" count="0" type="stmt"/>
          <line num="93" count="0" type="stmt"/>
          <line num="94" count="0" type="stmt"/>
          <line num="98" count="0" type="stmt"/>
          <line num="102" count="6" type="stmt"/>
          <line num="111" count="6" type="cond" truecount="2" falsecount="0"/>
          <line num="112" count="5" type="stmt"/>
          <line num="114" count="1" type="cond" truecount="1" falsecount="3"/>
          <line num="116" count="1" type="stmt"/>
          <line num="118" count="0" type="stmt"/>
          <line num="120" count="0" type="stmt"/>
          <line num="122" count="0" type="stmt"/>
          <line num="127" count="1" type="stmt"/>
          <line num="128" count="1" type="stmt"/>
          <line num="129" count="1" type="stmt"/>
          <line num="142" count="0" type="stmt"/>
          <line num="160" count="6" type="stmt"/>
          <line num="165" count="30" type="cond" truecount="2" falsecount="0"/>
          <line num="166" count="6" type="stmt"/>
          <line num="168" count="24" type="stmt"/>
          <line num="169" count="24" type="cond" truecount="1" falsecount="1"/>
          <line num="170" count="0" type="cond" truecount="0" falsecount="2"/>
          <line num="172" count="24" type="stmt"/>
          <line num="188" count="5" type="stmt"/>
          <line num="191" count="25" type="stmt"/>
          <line num="192" count="25" type="cond" truecount="4" falsecount="0"/>
          <line num="193" count="5" type="stmt"/>
          <line num="195" count="20" type="stmt"/>
          <line num="196" count="20" type="stmt"/>
          <line num="197" count="20" type="stmt"/>
          <line num="198" count="20" type="cond" truecount="6" falsecount="0"/>
          <line num="199" count="1" type="stmt"/>
          <line num="204" count="19" type="cond" truecount="2" falsecount="0"/>
          <line num="205" count="5" type="stmt"/>
          <line num="207" count="20" type="stmt"/>
          <line num="235" count="1" type="stmt"/>
        </file>
        <file name="Form.js" path="/mnt/c/Users/wild_/sandbox/reactbook/whinepad2/js/source/components/Form.js">
          <metrics statements="12" coveredstatements="1" conditionals="8" coveredconditionals="0" methods="4" coveredmethods="0"/>
          <line num="9" count="0" type="stmt"/>
          <line num="10" count="0" type="stmt"/>
          <line num="11" count="0" type="stmt"/>
          <line num="13" count="0" type="stmt"/>
          <line num="17" count="0" type="stmt"/>
          <line num="19" count="0" type="cond" truecount="0" falsecount="2"/>
          <line num="20" count="0" type="cond" truecount="0" falsecount="2"/>
          <line num="21" count="0" type="stmt"/>
          <line num="28" count="0" type="cond" truecount="0" falsecount="2"/>
          <line num="29" count="0" type="stmt"/>
          <line num="31" count="0" type="stmt"/>
          <line num="46" count="1" type="stmt"/>
        </file>
        <file name="FormInput.js" path="/mnt/c/Users/wild_/sandbox/reactbook/whinepad2/js/source/components/FormInput.js">
          <metrics statements="9" coveredstatements="5" conditionals="9" coveredconditionals="2" methods="2" coveredmethods="2"/>
          <line num="9" count="1" type="cond" truecount="1" falsecount="1"/>
          <line num="15" count="1" type="stmt"/>
          <line num="20" count="1" type="cond" truecount="1" falsecount="4"/>
          <line num="22" count="0" type="stmt"/>
          <line num="29" count="0" type="stmt"/>
          <line num="31" count="0" type="stmt"/>
          <line num="37" count="0" type="stmt"/>
          <line num="39" count="1" type="stmt"/>
          <line num="44" count="1" type="stmt"/>
        </file>
        <file name="Rating.js" path="/mnt/c/Users/wild_/sandbox/reactbook/whinepad2/js/source/components/Rating.js">
          <metrics statements="13" coveredstatements="13" conditionals="10" coveredconditionals="9" methods="7" coveredmethods="7"/>
          <line num="8" count="3" type="stmt"/>
          <line num="9" count="3" type="stmt"/>
          <line num="16" count="1" type="stmt"/>
          <line num="20" count="2" type="stmt"/>
          <line num="24" count="4" type="stmt"/>
          <line num="31" count="1" type="stmt"/>
          <line num="35" count="3" type="stmt"/>
          <line num="39" count="9" type="stmt"/>
          <line num="40" count="9" type="stmt"/>
          <line num="41" count="45" type="stmt"/>
          <line num="51" count="9" type="stmt"/>
          <line num="72" count="2" type="stmt"/>
          <line num="78" count="2" type="stmt"/>
        </file>
        <file name="Suggest.js" path="/mnt/c/Users/wild_/sandbox/reactbook/whinepad2/js/source/components/Suggest.js">
          <metrics statements="8" coveredstatements="1" conditionals="0" coveredconditionals="0" methods="5" coveredmethods="0"/>
          <line num="8" count="0" type="stmt"/>
          <line num="9" count="0" type="stmt"/>
          <line num="13" count="0" type="stmt"/>
          <line num="17" count="0" type="stmt"/>
          <line num="18" count="0" type="stmt"/>
          <line num="23" count="0" type="stmt"/>
          <line num="27" count="0" type="stmt"/>
          <line num="35" count="1" type="stmt"/>
        </file>
      </package>
    </metrics>
  </project>
</coverage>
