{"/mnt/c/Users/wild_/sandbox/reactbook/whinepad2/js/source/classification.js": {"path":"/mnt/c/Users/wild_/sandbox/reactbook/whinepad2/js/source/classification.js","statementMap":{},"fnMap":{},"branchMap":{},"s":{},"f":{},"b":{},"_coverageSchema":"332fd63041d2c1bcb487cc26dd0d5f7d97098a6c","hash":"7ad61e8f56ac6a08f6ee6ca6a37727e93041b685"}
,"/mnt/c/Users/wild_/sandbox/reactbook/whinepad2/js/source/schema.js": {"path":"/mnt/c/Users/wild_/sandbox/reactbook/whinepad2/js/source/schema.js","statementMap":{},"fnMap":{},"branchMap":{},"s":{},"f":{},"b":{},"_coverageSchema":"332fd63041d2c1bcb487cc26dd0d5f7d97098a6c","hash":"4798492bd5551981f500faa8c28ab49f356bfcc3"}
,"/mnt/c/Users/wild_/sandbox/reactbook/whinepad2/js/source/components/Actions.js": {"path":"/mnt/c/Users/wild_/sandbox/reactbook/whinepad2/js/source/components/Actions.js","statementMap":{"0":{"start":{"line":4,"column":16},"end":{"line":21,"column":8}},"1":{"start":{"line":5,"column":2},"end":{"line":21,"column":8}},"2":{"start":{"line":23,"column":0},"end":{"line":25,"column":2}},"3":{"start":{"line":27,"column":0},"end":{"line":29,"column":2}}},"fnMap":{"0":{"name":"(anonymous_0)","decl":{"start":{"line":4,"column":16},"end":{"line":4,"column":17}},"loc":{"start":{"line":5,"column":2},"end":{"line":21,"column":8}},"line":5},"1":{"name":"(anonymous_1)","decl":{"start":{"line":28,"column":12},"end":{"line":28,"column":13}},"loc":{"start":{"line":28,"column":18},"end":{"line":28,"column":20}},"line":28}},"branchMap":{},"s":{"0":2,"1":6,"2":2,"3":2},"f":{"0":6,"1":0},"b":{},"_coverageSchema":"332fd63041d2c1bcb487cc26dd0d5f7d97098a6c","hash":"8785fca0a302f7a11fe135f5cbd1d9c4cadc41f6"}
,"/mnt/c/Users/wild_/sandbox/reactbook/whinepad2/js/source/components/Button.js": {"path":"/mnt/c/Users/wild_/sandbox/reactbook/whinepad2/js/source/components/Button.js","statementMap":{"0":{"start":{"line":10,"column":15},"end":{"line":13,"column":76}},"1":{"start":{"line":11,"column":2},"end":{"line":13,"column":76}}},"fnMap":{"0":{"name":"(anonymous_0)","decl":{"start":{"line":10,"column":15},"end":{"line":10,"column":16}},"loc":{"start":{"line":11,"column":2},"end":{"line":13,"column":76}},"line":11}},"branchMap":{"0":{"loc":{"start":{"line":11,"column":2},"end":{"line":13,"column":76}},"type":"cond-expr","locations":[{"start":{"line":12,"column":6},"end":{"line":12,"column":71}},{"start":{"line":13,"column":6},"end":{"line":13,"column":76}}],"line":11}},"s":{"0":2,"1":4},"f":{"0":4},"b":{"0":[1,3]},"_coverageSchema":"332fd63041d2c1bcb487cc26dd0d5f7d97098a6c","hash":"e4997b980fde8a807688c34dc50fe3a1abbdfb94"}
,"/mnt/c/Users/wild_/sandbox/reactbook/whinepad2/js/source/components/Dialog.js": {"path":"/mnt/c/Users/wild_/sandbox/reactbook/whinepad2/js/source/components/Dialog.js","statementMap":{"0":{"start":{"line":9,"column":4},"end":{"line":9,"column":54}},"1":{"start":{"line":13,"column":4},"end":{"line":15,"column":5}},"2":{"start":{"line":14,"column":6},"end":{"line":14,"column":53}},"3":{"start":{"line":19,"column":4},"end":{"line":43,"column":6}},"4":{"start":{"line":47,"column":0},"end":{"line":53,"column":2}},"5":{"start":{"line":55,"column":0},"end":{"line":60,"column":2}}},"fnMap":{"0":{"name":"(anonymous_0)","decl":{"start":{"line":8,"column":2},"end":{"line":8,"column":3}},"loc":{"start":{"line":8,"column":25},"end":{"line":10,"column":3}},"line":8},"1":{"name":"(anonymous_1)","decl":{"start":{"line":12,"column":2},"end":{"line":12,"column":3}},"loc":{"start":{"line":12,"column":22},"end":{"line":16,"column":3}},"line":12},"2":{"name":"(anonymous_2)","decl":{"start":{"line":18,"column":2},"end":{"line":18,"column":3}},"loc":{"start":{"line":18,"column":11},"end":{"line":44,"column":3}},"line":18},"3":{"name":"(anonymous_3)","decl":{"start":{"line":58,"column":12},"end":{"line":58,"column":13}},"loc":{"start":{"line":58,"column":18},"end":{"line":58,"column":20}},"line":58}},"branchMap":{"0":{"loc":{"start":{"line":13,"column":4},"end":{"line":15,"column":5}},"type":"if","locations":[{"start":{"line":13,"column":4},"end":{"line":15,"column":5}},{"start":{"line":13,"column":4},"end":{"line":15,"column":5}}],"line":13},"1":{"loc":{"start":{"line":24,"column":24},"end":{"line":24,"column":67}},"type":"cond-expr","locations":[{"start":{"line":24,"column":43},"end":{"line":24,"column":60}},{"start":{"line":24,"column":63},"end":{"line":24,"column":67}}],"line":24},"2":{"loc":{"start":{"line":28,"column":13},"end":{"line":34,"column":20}},"type":"cond-expr","locations":[{"start":{"line":29,"column":16},"end":{"line":33,"column":23}},{"start":{"line":34,"column":16},"end":{"line":34,"column":20}}],"line":28},"3":{"loc":{"start":{"line":37,"column":16},"end":{"line":37,"column":60}},"type":"cond-expr","locations":[{"start":{"line":37,"column":39},"end":{"line":37,"column":48}},{"start":{"line":37,"column":51},"end":{"line":37,"column":60}}],"line":37}},"s":{"0":1,"1":1,"2":1,"3":1,"4":1,"5":1},"f":{"0":1,"1":1,"2":1,"3":0},"b":{"0":[1,0],"1":[1,0],"2":[1,0],"3":[1,0]},"_coverageSchema":"332fd63041d2c1bcb487cc26dd0d5f7d97098a6c","hash":"724dbcbcd2dc9ee5930b18bc769fdc62034ea837"}
,"/mnt/c/Users/wild_/sandbox/reactbook/whinepad2/js/source/components/Excel.js": {"path":"/mnt/c/Users/wild_/sandbox/reactbook/whinepad2/js/source/components/Excel.js","statementMap":{"0":{"start":{"line":12,"column":4},"end":{"line":12,"column":17}},"1":{"start":{"line":13,"column":4},"end":{"line":19,"column":6}},"2":{"start":{"line":23,"column":4},"end":{"line":23,"column":49}},"3":{"start":{"line":27,"column":4},"end":{"line":27,"column":34}},"4":{"start":{"line":31,"column":15},"end":{"line":31,"column":42}},"5":{"start":{"line":32,"column":23},"end":{"line":32,"column":74}},"6":{"start":{"line":33,"column":4},"end":{"line":37,"column":6}},"7":{"start":{"line":34,"column":6},"end":{"line":36,"column":42}},"8":{"start":{"line":38,"column":4},"end":{"line":42,"column":7}},"9":{"start":{"line":43,"column":4},"end":{"line":43,"column":31}},"10":{"start":{"line":47,"column":4},"end":{"line":50,"column":8}},"11":{"start":{"line":54,"column":4},"end":{"line":54,"column":23}},"12":{"start":{"line":55,"column":18},"end":{"line":55,"column":44}},"13":{"start":{"line":56,"column":15},"end":{"line":56,"column":42}},"14":{"start":{"line":57,"column":4},"end":{"line":57,"column":59}},"15":{"start":{"line":58,"column":4},"end":{"line":61,"column":7}},"16":{"start":{"line":62,"column":4},"end":{"line":62,"column":31}},"17":{"start":{"line":66,"column":4},"end":{"line":66,"column":57}},"18":{"start":{"line":70,"column":4},"end":{"line":73,"column":5}},"19":{"start":{"line":71,"column":6},"end":{"line":71,"column":26}},"20":{"start":{"line":72,"column":6},"end":{"line":72,"column":13}},"21":{"start":{"line":74,"column":15},"end":{"line":74,"column":42}},"22":{"start":{"line":75,"column":4},"end":{"line":75,"column":42}},"23":{"start":{"line":76,"column":4},"end":{"line":79,"column":7}},"24":{"start":{"line":80,"column":4},"end":{"line":80,"column":31}},"25":{"start":{"line":84,"column":4},"end":{"line":84,"column":34}},"26":{"start":{"line":88,"column":4},"end":{"line":91,"column":5}},"27":{"start":{"line":89,"column":6},"end":{"line":89,"column":26}},"28":{"start":{"line":90,"column":6},"end":{"line":90,"column":13}},"29":{"start":{"line":92,"column":15},"end":{"line":92,"column":42}},"30":{"start":{"line":93,"column":4},"end":{"line":93,"column":59}},"31":{"start":{"line":94,"column":4},"end":{"line":97,"column":7}},"32":{"start":{"line":98,"column":4},"end":{"line":98,"column":31}},"33":{"start":{"line":102,"column":4},"end":{"line":107,"column":6}},"34":{"start":{"line":111,"column":4},"end":{"line":113,"column":5}},"35":{"start":{"line":112,"column":6},"end":{"line":112,"column":18}},"36":{"start":{"line":114,"column":4},"end":{"line":123,"column":5}},"37":{"start":{"line":116,"column":8},"end":{"line":116,"column":42}},"38":{"start":{"line":118,"column":8},"end":{"line":118,"column":44}},"39":{"start":{"line":120,"column":8},"end":{"line":120,"column":40}},"40":{"start":{"line":122,"column":8},"end":{"line":122,"column":58}},"41":{"start":{"line":127,"column":18},"end":{"line":127,"column":56}},"42":{"start":{"line":128,"column":22},"end":{"line":128,"column":50}},"43":{"start":{"line":129,"column":4},"end":{"line":138,"column":6}},"44":{"start":{"line":142,"column":4},"end":{"line":156,"column":6}},"45":{"start":{"line":160,"column":4},"end":{"line":231,"column":6}},"46":{"start":{"line":165,"column":14},"end":{"line":167,"column":15}},"47":{"start":{"line":166,"column":16},"end":{"line":166,"column":28}},"48":{"start":{"line":168,"column":26},"end":{"line":168,"column":36}},"49":{"start":{"line":169,"column":14},"end":{"line":171,"column":15}},"50":{"start":{"line":170,"column":16},"end":{"line":170,"column":71}},"51":{"start":{"line":172,"column":14},"end":{"line":180,"column":16}},"52":{"start":{"line":188,"column":12},"end":{"line":227,"column":14}},"53":{"start":{"line":191,"column":33},"end":{"line":191,"column":55}},"54":{"start":{"line":192,"column":18},"end":{"line":194,"column":19}},"55":{"start":{"line":193,"column":20},"end":{"line":193,"column":32}},"56":{"start":{"line":195,"column":35},"end":{"line":195,"column":59}},"57":{"start":{"line":196,"column":31},"end":{"line":196,"column":46}},"58":{"start":{"line":197,"column":32},"end":{"line":197,"column":41}},"59":{"start":{"line":198,"column":18},"end":{"line":206,"column":19}},"60":{"start":{"line":199,"column":20},"end":{"line":203,"column":22}},"61":{"start":{"line":204,"column":25},"end":{"line":206,"column":19}},"62":{"start":{"line":205,"column":20},"end":{"line":205,"column":88}},"63":{"start":{"line":207,"column":18},"end":{"line":221,"column":20}},"64":{"start":{"line":235,"column":0},"end":{"line":243,"column":2}}},"fnMap":{"0":{"name":"(anonymous_0)","decl":{"start":{"line":11,"column":2},"end":{"line":11,"column":3}},"loc":{"start":{"line":11,"column":21},"end":{"line":20,"column":3}},"line":11},"1":{"name":"(anonymous_1)","decl":{"start":{"line":22,"column":2},"end":{"line":22,"column":3}},"loc":{"start":{"line":22,"column":39},"end":{"line":24,"column":3}},"line":22},"2":{"name":"(anonymous_2)","decl":{"start":{"line":26,"column":2},"end":{"line":26,"column":3}},"loc":{"start":{"line":26,"column":24},"end":{"line":28,"column":3}},"line":26},"3":{"name":"(anonymous_3)","decl":{"start":{"line":30,"column":2},"end":{"line":30,"column":3}},"loc":{"start":{"line":30,"column":13},"end":{"line":44,"column":3}},"line":30},"4":{"name":"(anonymous_4)","decl":{"start":{"line":33,"column":14},"end":{"line":33,"column":15}},"loc":{"start":{"line":34,"column":6},"end":{"line":36,"column":42}},"line":34},"5":{"name":"(anonymous_5)","decl":{"start":{"line":46,"column":2},"end":{"line":46,"column":3}},"loc":{"start":{"line":46,"column":17},"end":{"line":51,"column":3}},"line":46},"6":{"name":"(anonymous_6)","decl":{"start":{"line":53,"column":2},"end":{"line":53,"column":3}},"loc":{"start":{"line":53,"column":11},"end":{"line":63,"column":3}},"line":53},"7":{"name":"(anonymous_7)","decl":{"start":{"line":65,"column":2},"end":{"line":65,"column":3}},"loc":{"start":{"line":65,"column":31},"end":{"line":67,"column":3}},"line":65},"8":{"name":"(anonymous_8)","decl":{"start":{"line":69,"column":2},"end":{"line":69,"column":3}},"loc":{"start":{"line":69,"column":35},"end":{"line":81,"column":3}},"line":69},"9":{"name":"(anonymous_9)","decl":{"start":{"line":83,"column":2},"end":{"line":83,"column":3}},"loc":{"start":{"line":83,"column":17},"end":{"line":85,"column":3}},"line":83},"10":{"name":"(anonymous_10)","decl":{"start":{"line":87,"column":2},"end":{"line":87,"column":3}},"loc":{"start":{"line":87,"column":26},"end":{"line":99,"column":3}},"line":87},"11":{"name":"(anonymous_11)","decl":{"start":{"line":101,"column":2},"end":{"line":101,"column":3}},"loc":{"start":{"line":101,"column":11},"end":{"line":108,"column":3}},"line":101},"12":{"name":"(anonymous_12)","decl":{"start":{"line":110,"column":2},"end":{"line":110,"column":3}},"loc":{"start":{"line":110,"column":18},"end":{"line":124,"column":3}},"line":110},"13":{"name":"(anonymous_13)","decl":{"start":{"line":126,"column":2},"end":{"line":126,"column":3}},"loc":{"start":{"line":126,"column":24},"end":{"line":139,"column":3}},"line":126},"14":{"name":"(anonymous_14)","decl":{"start":{"line":141,"column":2},"end":{"line":141,"column":3}},"loc":{"start":{"line":141,"column":30},"end":{"line":157,"column":3}},"line":141},"15":{"name":"(anonymous_15)","decl":{"start":{"line":159,"column":2},"end":{"line":159,"column":3}},"loc":{"start":{"line":159,"column":17},"end":{"line":232,"column":3}},"line":159},"16":{"name":"(anonymous_16)","decl":{"start":{"line":164,"column":34},"end":{"line":164,"column":35}},"loc":{"start":{"line":164,"column":42},"end":{"line":181,"column":13}},"line":164},"17":{"name":"(anonymous_17)","decl":{"start":{"line":187,"column":31},"end":{"line":187,"column":32}},"loc":{"start":{"line":187,"column":48},"end":{"line":228,"column":11}},"line":187},"18":{"name":"(anonymous_18)","decl":{"start":{"line":190,"column":37},"end":{"line":190,"column":38}},"loc":{"start":{"line":190,"column":52},"end":{"line":222,"column":17}},"line":190}},"branchMap":{"0":{"loc":{"start":{"line":32,"column":23},"end":{"line":32,"column":74}},"type":"binary-expr","locations":[{"start":{"line":32,"column":23},"end":{"line":32,"column":48}},{"start":{"line":32,"column":52},"end":{"line":32,"column":74}}],"line":32},"1":{"loc":{"start":{"line":34,"column":6},"end":{"line":36,"column":42}},"type":"cond-expr","locations":[{"start":{"line":35,"column":11},"end":{"line":35,"column":41}},{"start":{"line":36,"column":11},"end":{"line":36,"column":41}}],"line":34},"2":{"loc":{"start":{"line":35,"column":11},"end":{"line":35,"column":41}},"type":"cond-expr","locations":[{"start":{"line":35,"column":35},"end":{"line":35,"column":36}},{"start":{"line":35,"column":39},"end":{"line":35,"column":41}}],"line":35},"3":{"loc":{"start":{"line":36,"column":11},"end":{"line":36,"column":41}},"type":"cond-expr","locations":[{"start":{"line":36,"column":35},"end":{"line":36,"column":36}},{"start":{"line":36,"column":39},"end":{"line":36,"column":41}}],"line":36},"4":{"loc":{"start":{"line":70,"column":4},"end":{"line":73,"column":5}},"type":"if","locations":[{"start":{"line":70,"column":4},"end":{"line":73,"column":5}},{"start":{"line":70,"column":4},"end":{"line":73,"column":5}}],"line":70},"5":{"loc":{"start":{"line":88,"column":4},"end":{"line":91,"column":5}},"type":"if","locations":[{"start":{"line":88,"column":4},"end":{"line":91,"column":5}},{"start":{"line":88,"column":4},"end":{"line":91,"column":5}}],"line":88},"6":{"loc":{"start":{"line":111,"column":4},"end":{"line":113,"column":5}},"type":"if","locations":[{"start":{"line":111,"column":4},"end":{"line":113,"column":5}},{"start":{"line":111,"column":4},"end":{"line":113,"column":5}}],"line":111},"7":{"loc":{"start":{"line":114,"column":4},"end":{"line":123,"column":5}},"type":"switch","locations":[{"start":{"line":115,"column":6},"end":{"line":116,"column":42}},{"start":{"line":117,"column":6},"end":{"line":118,"column":44}},{"start":{"line":119,"column":6},"end":{"line":120,"column":40}},{"start":{"line":121,"column":6},"end":{"line":122,"column":58}}],"line":114},"8":{"loc":{"start":{"line":145,"column":16},"end":{"line":145,"column":42}},"type":"cond-expr","locations":[{"start":{"line":145,"column":27},"end":{"line":145,"column":33}},{"start":{"line":145,"column":36},"end":{"line":145,"column":42}}],"line":145},"9":{"loc":{"start":{"line":146,"column":22},"end":{"line":146,"column":44}},"type":"cond-expr","locations":[{"start":{"line":146,"column":33},"end":{"line":146,"column":37}},{"start":{"line":146,"column":40},"end":{"line":146,"column":44}}],"line":146},"10":{"loc":{"start":{"line":165,"column":14},"end":{"line":167,"column":15}},"type":"if","locations":[{"start":{"line":165,"column":14},"end":{"line":167,"column":15}},{"start":{"line":165,"column":14},"end":{"line":167,"column":15}}],"line":165},"11":{"loc":{"start":{"line":169,"column":14},"end":{"line":171,"column":15}},"type":"if","locations":[{"start":{"line":169,"column":14},"end":{"line":171,"column":15}},{"start":{"line":169,"column":14},"end":{"line":171,"column":15}}],"line":169},"12":{"loc":{"start":{"line":170,"column":25},"end":{"line":170,"column":70}},"type":"cond-expr","locations":[{"start":{"line":170,"column":49},"end":{"line":170,"column":58}},{"start":{"line":170,"column":61},"end":{"line":170,"column":70}}],"line":170},"13":{"loc":{"start":{"line":192,"column":18},"end":{"line":194,"column":19}},"type":"if","locations":[{"start":{"line":192,"column":18},"end":{"line":194,"column":19}},{"start":{"line":192,"column":18},"end":{"line":194,"column":19}}],"line":192},"14":{"loc":{"start":{"line":192,"column":22},"end":{"line":192,"column":45}},"type":"binary-expr","locations":[{"start":{"line":192,"column":22},"end":{"line":192,"column":29}},{"start":{"line":192,"column":33},"end":{"line":192,"column":45}}],"line":192},"15":{"loc":{"start":{"line":198,"column":18},"end":{"line":206,"column":19}},"type":"if","locations":[{"start":{"line":198,"column":18},"end":{"line":206,"column":19}},{"start":{"line":198,"column":18},"end":{"line":206,"column":19}}],"line":198},"16":{"loc":{"start":{"line":198,"column":22},"end":{"line":198,"column":88}},"type":"binary-expr","locations":[{"start":{"line":198,"column":22},"end":{"line":198,"column":31}},{"start":{"line":198,"column":35},"end":{"line":198,"column":39}},{"start":{"line":198,"column":43},"end":{"line":198,"column":62}},{"start":{"line":198,"column":66},"end":{"line":198,"column":88}}],"line":198},"17":{"loc":{"start":{"line":204,"column":25},"end":{"line":206,"column":19}},"type":"if","locations":[{"start":{"line":204,"column":25},"end":{"line":206,"column":19}},{"start":{"line":204,"column":25},"end":{"line":206,"column":19}}],"line":204},"18":{"loc":{"start":{"line":214,"column":43},"end":{"line":214,"column":94}},"type":"binary-expr","locations":[{"start":{"line":214,"column":43},"end":{"line":214,"column":66}},{"start":{"line":214,"column":70},"end":{"line":214,"column":94}}],"line":214}},"s":{"0":2,"1":2,"2":0,"3":2,"4":0,"5":0,"6":0,"7":0,"8":0,"9":0,"10":1,"11":1,"12":1,"13":1,"14":1,"15":1,"16":1,"17":1,"18":1,"19":0,"20":0,"21":1,"22":1,"23":1,"24":1,"25":0,"26":0,"27":0,"28":0,"29":0,"30":0,"31":0,"32":0,"33":6,"34":6,"35":5,"36":1,"37":1,"38":0,"39":0,"40":0,"41":1,"42":1,"43":1,"44":0,"45":6,"46":30,"47":6,"48":24,"49":24,"50":0,"51":24,"52":5,"53":25,"54":25,"55":5,"56":20,"57":20,"58":20,"59":20,"60":1,"61":19,"62":5,"63":20,"64":1},"f":{"0":2,"1":0,"2":2,"3":0,"4":0,"5":1,"6":1,"7":1,"8":1,"9":0,"10":0,"11":6,"12":6,"13":1,"14":0,"15":6,"16":30,"17":5,"18":25},"b":{"0":[0,0],"1":[0,0],"2":[0,0],"3":[0,0],"4":[0,1],"5":[0,0],"6":[5,1],"7":[1,0,0,0],"8":[0,0],"9":[0,0],"10":[6,24],"11":[0,24],"12":[0,0],"13":[5,20],"14":[25,25],"15":[1,19],"16":[20,15,3,3],"17":[5,14],"18":[20,10]},"_coverageSchema":"332fd63041d2c1bcb487cc26dd0d5f7d97098a6c","hash":"4df950121d8ab80bd4ec95e3ed59b26ae8b3e0f5"}
,"/mnt/c/Users/wild_/sandbox/reactbook/whinepad2/js/source/components/Form.js": {"path":"/mnt/c/Users/wild_/sandbox/reactbook/whinepad2/js/source/components/Form.js","statementMap":{"0":{"start":{"line":9,"column":15},"end":{"line":9,"column":17}},"1":{"start":{"line":10,"column":4},"end":{"line":12,"column":6}},"2":{"start":{"line":11,"column":6},"end":{"line":11,"column":53}},"3":{"start":{"line":13,"column":4},"end":{"line":13,"column":16}},"4":{"start":{"line":17,"column":4},"end":{"line":42,"column":6}},"5":{"start":{"line":19,"column":26},"end":{"line":19,"column":84}},"6":{"start":{"line":20,"column":8},"end":{"line":27,"column":9}},"7":{"start":{"line":21,"column":10},"end":{"line":26,"column":12}},"8":{"start":{"line":28,"column":8},"end":{"line":30,"column":9}},"9":{"start":{"line":29,"column":10},"end":{"line":29,"column":22}},"10":{"start":{"line":31,"column":8},"end":{"line":40,"column":10}},"11":{"start":{"line":46,"column":0},"end":{"line":55,"column":2}}},"fnMap":{"0":{"name":"(anonymous_0)","decl":{"start":{"line":8,"column":2},"end":{"line":8,"column":3}},"loc":{"start":{"line":8,"column":12},"end":{"line":14,"column":3}},"line":8},"1":{"name":"(anonymous_1)","decl":{"start":{"line":10,"column":30},"end":{"line":10,"column":31}},"loc":{"start":{"line":11,"column":6},"end":{"line":11,"column":53}},"line":11},"2":{"name":"(anonymous_2)","decl":{"start":{"line":16,"column":2},"end":{"line":16,"column":3}},"loc":{"start":{"line":16,"column":11},"end":{"line":43,"column":3}},"line":16},"3":{"name":"(anonymous_3)","decl":{"start":{"line":18,"column":52},"end":{"line":18,"column":53}},"loc":{"start":{"line":18,"column":61},"end":{"line":41,"column":7}},"line":18}},"branchMap":{"0":{"loc":{"start":{"line":19,"column":26},"end":{"line":19,"column":84}},"type":"binary-expr","locations":[{"start":{"line":19,"column":26},"end":{"line":19,"column":48}},{"start":{"line":19,"column":52},"end":{"line":19,"column":84}}],"line":19},"1":{"loc":{"start":{"line":20,"column":8},"end":{"line":27,"column":9}},"type":"if","locations":[{"start":{"line":20,"column":8},"end":{"line":27,"column":9}},{"start":{"line":20,"column":8},"end":{"line":27,"column":9}}],"line":20},"2":{"loc":{"start":{"line":28,"column":8},"end":{"line":30,"column":9}},"type":"if","locations":[{"start":{"line":28,"column":8},"end":{"line":30,"column":9}},{"start":{"line":28,"column":8},"end":{"line":30,"column":9}}],"line":28},"3":{"loc":{"start":{"line":35,"column":14},"end":{"line":37,"column":40}},"type":"cond-expr","locations":[{"start":{"line":36,"column":18},"end":{"line":36,"column":83}},{"start":{"line":37,"column":18},"end":{"line":37,"column":40}}],"line":35}},"s":{"0":0,"1":0,"2":0,"3":0,"4":0,"5":0,"6":0,"7":0,"8":0,"9":0,"10":0,"11":1},"f":{"0":0,"1":0,"2":0,"3":0},"b":{"0":[0,0],"1":[0,0],"2":[0,0],"3":[0,0]},"_coverageSchema":"332fd63041d2c1bcb487cc26dd0d5f7d97098a6c","hash":"f86f464d1b92612bdef50db4a851973812d56ea2"}
,"/mnt/c/Users/wild_/sandbox/reactbook/whinepad2/js/source/components/FormInput.js": {"path":"/mnt/c/Users/wild_/sandbox/reactbook/whinepad2/js/source/components/FormInput.js","statementMap":{"0":{"start":{"line":9,"column":4},"end":{"line":11,"column":35}},"1":{"start":{"line":15,"column":19},"end":{"line":19,"column":5}},"2":{"start":{"line":20,"column":4},"end":{"line":40,"column":5}},"3":{"start":{"line":22,"column":8},"end":{"line":27,"column":10}},"4":{"start":{"line":29,"column":8},"end":{"line":29,"column":68}},"5":{"start":{"line":31,"column":8},"end":{"line":35,"column":10}},"6":{"start":{"line":37,"column":8},"end":{"line":37,"column":40}},"7":{"start":{"line":39,"column":8},"end":{"line":39,"column":49}},"8":{"start":{"line":44,"column":0},"end":{"line":49,"column":2}}},"fnMap":{"0":{"name":"(anonymous_0)","decl":{"start":{"line":8,"column":2},"end":{"line":8,"column":3}},"loc":{"start":{"line":8,"column":13},"end":{"line":12,"column":3}},"line":8},"1":{"name":"(anonymous_1)","decl":{"start":{"line":14,"column":2},"end":{"line":14,"column":3}},"loc":{"start":{"line":14,"column":11},"end":{"line":41,"column":3}},"line":14}},"branchMap":{"0":{"loc":{"start":{"line":9,"column":11},"end":{"line":11,"column":34}},"type":"cond-expr","locations":[{"start":{"line":10,"column":8},"end":{"line":10,"column":29}},{"start":{"line":11,"column":8},"end":{"line":11,"column":34}}],"line":9},"1":{"loc":{"start":{"line":20,"column":4},"end":{"line":40,"column":5}},"type":"switch","locations":[{"start":{"line":21,"column":6},"end":{"line":27,"column":10}},{"start":{"line":28,"column":6},"end":{"line":29,"column":68}},{"start":{"line":30,"column":6},"end":{"line":35,"column":10}},{"start":{"line":36,"column":6},"end":{"line":37,"column":40}},{"start":{"line":38,"column":6},"end":{"line":39,"column":49}}],"line":20},"2":{"loc":{"start":{"line":26,"column":26},"end":{"line":26,"column":77}},"type":"binary-expr","locations":[{"start":{"line":26,"column":26},"end":{"line":26,"column":49}},{"start":{"line":26,"column":53},"end":{"line":26,"column":77}}],"line":26}},"s":{"0":1,"1":1,"2":1,"3":0,"4":0,"5":0,"6":0,"7":1,"8":1},"f":{"0":1,"1":1},"b":{"0":[1,0],"1":[0,0,0,0,1],"2":[0,0]},"_coverageSchema":"332fd63041d2c1bcb487cc26dd0d5f7d97098a6c","hash":"a88b9ee42e1f36035c8e84897a2f9b897c61d012"}
,"/mnt/c/Users/wild_/sandbox/reactbook/whinepad2/js/source/components/Rating.js": {"path":"/mnt/c/Users/wild_/sandbox/reactbook/whinepad2/js/source/components/Rating.js","statementMap":{"0":{"start":{"line":8,"column":4},"end":{"line":8,"column":17}},"1":{"start":{"line":9,"column":4},"end":{"line":12,"column":6}},"2":{"start":{"line":16,"column":4},"end":{"line":16,"column":29}},"3":{"start":{"line":20,"column":4},"end":{"line":20,"column":39}},"4":{"start":{"line":24,"column":4},"end":{"line":27,"column":7}},"5":{"start":{"line":31,"column":4},"end":{"line":31,"column":36}},"6":{"start":{"line":35,"column":4},"end":{"line":35,"column":43}},"7":{"start":{"line":39,"column":18},"end":{"line":39,"column":20}},"8":{"start":{"line":40,"column":4},"end":{"line":50,"column":5}},"9":{"start":{"line":41,"column":6},"end":{"line":49,"column":17}},"10":{"start":{"line":51,"column":4},"end":{"line":68,"column":6}},"11":{"start":{"line":72,"column":0},"end":{"line":76,"column":2}},"12":{"start":{"line":78,"column":0},"end":{"line":81,"column":2}}},"fnMap":{"0":{"name":"(anonymous_0)","decl":{"start":{"line":7,"column":2},"end":{"line":7,"column":3}},"loc":{"start":{"line":7,"column":21},"end":{"line":13,"column":3}},"line":7},"1":{"name":"(anonymous_1)","decl":{"start":{"line":15,"column":2},"end":{"line":15,"column":3}},"loc":{"start":{"line":15,"column":13},"end":{"line":17,"column":3}},"line":15},"2":{"name":"(anonymous_2)","decl":{"start":{"line":19,"column":2},"end":{"line":19,"column":3}},"loc":{"start":{"line":19,"column":18},"end":{"line":21,"column":3}},"line":19},"3":{"name":"(anonymous_3)","decl":{"start":{"line":23,"column":2},"end":{"line":23,"column":3}},"loc":{"start":{"line":23,"column":20},"end":{"line":28,"column":3}},"line":23},"4":{"name":"(anonymous_4)","decl":{"start":{"line":30,"column":2},"end":{"line":30,"column":3}},"loc":{"start":{"line":30,"column":10},"end":{"line":32,"column":3}},"line":30},"5":{"name":"(anonymous_5)","decl":{"start":{"line":34,"column":2},"end":{"line":34,"column":3}},"loc":{"start":{"line":34,"column":39},"end":{"line":36,"column":3}},"line":34},"6":{"name":"(anonymous_6)","decl":{"start":{"line":38,"column":2},"end":{"line":38,"column":3}},"loc":{"start":{"line":38,"column":11},"end":{"line":69,"column":3}},"line":38}},"branchMap":{"0":{"loc":{"start":{"line":43,"column":21},"end":{"line":43,"column":66}},"type":"cond-expr","locations":[{"start":{"line":43,"column":49},"end":{"line":43,"column":59}},{"start":{"line":43,"column":62},"end":{"line":43,"column":66}}],"line":43},"1":{"loc":{"start":{"line":45,"column":19},"end":{"line":45,"column":71}},"type":"binary-expr","locations":[{"start":{"line":45,"column":19},"end":{"line":45,"column":39}},{"start":{"line":45,"column":43},"end":{"line":45,"column":71}}],"line":45},"2":{"loc":{"start":{"line":46,"column":23},"end":{"line":46,"column":73}},"type":"binary-expr","locations":[{"start":{"line":46,"column":23},"end":{"line":46,"column":43}},{"start":{"line":46,"column":47},"end":{"line":46,"column":73}}],"line":46},"3":{"loc":{"start":{"line":60,"column":9},"end":{"line":65,"column":42}},"type":"cond-expr","locations":[{"start":{"line":61,"column":12},"end":{"line":61,"column":16}},{"start":{"line":62,"column":12},"end":{"line":65,"column":42}}],"line":60},"4":{"loc":{"start":{"line":60,"column":9},"end":{"line":60,"column":46}},"type":"binary-expr","locations":[{"start":{"line":60,"column":9},"end":{"line":60,"column":28}},{"start":{"line":60,"column":32},"end":{"line":60,"column":46}}],"line":60}},"s":{"0":3,"1":3,"2":1,"3":2,"4":4,"5":1,"6":3,"7":9,"8":9,"9":45,"10":9,"11":2,"12":2},"f":{"0":3,"1":1,"2":2,"3":4,"4":1,"5":3,"6":9},"b":{"0":[23,22],"1":[45,20],"2":[45,20],"3":[9,0],"4":[9,4]},"_coverageSchema":"332fd63041d2c1bcb487cc26dd0d5f7d97098a6c","hash":"a9f137c3fefd7b27afbff5d9a62ba258de83a7de"}
,"/mnt/c/Users/wild_/sandbox/reactbook/whinepad2/js/source/components/Suggest.js": {"path":"/mnt/c/Users/wild_/sandbox/reactbook/whinepad2/js/source/components/Suggest.js","statementMap":{"0":{"start":{"line":8,"column":4},"end":{"line":8,"column":17}},"1":{"start":{"line":9,"column":4},"end":{"line":9,"column":45}},"2":{"start":{"line":13,"column":4},"end":{"line":13,"column":28}},"3":{"start":{"line":17,"column":21},"end":{"line":17,"column":60}},"4":{"start":{"line":18,"column":4},"end":{"line":31,"column":6}},"5":{"start":{"line":23,"column":25},"end":{"line":23,"column":63}},"6":{"start":{"line":27,"column":12},"end":{"line":27,"column":45}},"7":{"start":{"line":35,"column":0},"end":{"line":39,"column":2}}},"fnMap":{"0":{"name":"(anonymous_0)","decl":{"start":{"line":7,"column":2},"end":{"line":7,"column":3}},"loc":{"start":{"line":7,"column":21},"end":{"line":10,"column":3}},"line":7},"1":{"name":"(anonymous_1)","decl":{"start":{"line":12,"column":2},"end":{"line":12,"column":3}},"loc":{"start":{"line":12,"column":13},"end":{"line":14,"column":3}},"line":12},"2":{"name":"(anonymous_2)","decl":{"start":{"line":16,"column":2},"end":{"line":16,"column":3}},"loc":{"start":{"line":16,"column":11},"end":{"line":32,"column":3}},"line":16},"3":{"name":"(anonymous_3)","decl":{"start":{"line":23,"column":20},"end":{"line":23,"column":21}},"loc":{"start":{"line":23,"column":25},"end":{"line":23,"column":63}},"line":23},"4":{"name":"(anonymous_4)","decl":{"start":{"line":26,"column":33},"end":{"line":26,"column":34}},"loc":{"start":{"line":27,"column":12},"end":{"line":27,"column":45}},"line":27}},"branchMap":{},"s":{"0":0,"1":0,"2":0,"3":0,"4":0,"5":0,"6":0,"7":1},"f":{"0":0,"1":0,"2":0,"3":0,"4":0},"b":{},"_coverageSchema":"332fd63041d2c1bcb487cc26dd0d5f7d97098a6c","hash":"8707d8987e2c9881f8620a3fd76ed0ddf190c312"}
}
