TN:
SF:/mnt/c/Users/wild_/sandbox/reactbook/whinepad2/js/source/classification.js
FNF:0
FNH:0
LF:0
LH:0
BRF:0
BRH:0
end_of_record
TN:
SF:/mnt/c/Users/wild_/sandbox/reactbook/whinepad2/js/source/schema.js
FNF:0
FNH:0
LF:0
LH:0
BRF:0
BRH:0
end_of_record
TN:
SF:/mnt/c/Users/wild_/sandbox/reactbook/whinepad2/js/source/components/Actions.js
FN:4,(anonymous_0)
FN:28,(anonymous_1)
FNF:2
FNH:1
FNDA:6,(anonymous_0)
FNDA:0,(anonymous_1)
DA:4,2
DA:5,6
DA:23,2
DA:27,2
LF:4
LH:4
BRF:0
BRH:0
end_of_record
TN:
SF:/mnt/c/Users/wild_/sandbox/reactbook/whinepad2/js/source/components/Button.js
FN:10,(anonymous_0)
FNF:1
FNH:1
FNDA:4,(anonymous_0)
DA:10,2
DA:11,4
LF:2
LH:2
BRDA:11,0,0,1
BRDA:11,0,1,3
BRF:2
BRH:2
end_of_record
TN:
SF:/mnt/c/Users/wild_/sandbox/reactbook/whinepad2/js/source/components/Dialog.js
FN:8,(anonymous_0)
FN:12,(anonymous_1)
FN:18,(anonymous_2)
FN:58,(anonymous_3)
FNF:4
FNH:3
FNDA:1,(anonymous_0)
FNDA:1,(anonymous_1)
FNDA:1,(anonymous_2)
FNDA:0,(anonymous_3)
DA:9,1
DA:13,1
DA:14,1
DA:19,1
DA:47,1
DA:55,1
LF:6
LH:6
BRDA:13,0,0,1
BRDA:13,0,1,0
BRDA:24,1,0,1
BRDA:24,1,1,0
BRDA:28,2,0,1
BRDA:28,2,1,0
BRDA:37,3,0,1
BRDA:37,3,1,0
BRF:8
BRH:4
end_of_record
TN:
SF:/mnt/c/Users/wild_/sandbox/reactbook/whinepad2/js/source/components/Excel.js
FN:11,(anonymous_0)
FN:22,(anonymous_1)
FN:26,(anonymous_2)
FN:30,(anonymous_3)
FN:33,(anonymous_4)
FN:46,(anonymous_5)
FN:53,(anonymous_6)
FN:65,(anonymous_7)
FN:69,(anonymous_8)
FN:83,(anonymous_9)
FN:87,(anonymous_10)
FN:101,(anonymous_11)
FN:110,(anonymous_12)
FN:126,(anonymous_13)
FN:141,(anonymous_14)
FN:159,(anonymous_15)
FN:164,(anonymous_16)
FN:187,(anonymous_17)
FN:190,(anonymous_18)
FNF:19
FNH:13
FNDA:2,(anonymous_0)
FNDA:0,(anonymous_1)
FNDA:2,(anonymous_2)
FNDA:0,(anonymous_3)
FNDA:0,(anonymous_4)
FNDA:1,(anonymous_5)
FNDA:1,(anonymous_6)
FNDA:1,(anonymous_7)
FNDA:1,(anonymous_8)
FNDA:0,(anonymous_9)
FNDA:0,(anonymous_10)
FNDA:6,(anonymous_11)
FNDA:6,(anonymous_12)
FNDA:1,(anonymous_13)
FNDA:0,(anonymous_14)
FNDA:6,(anonymous_15)
FNDA:30,(anonymous_16)
FNDA:5,(anonymous_17)
FNDA:25,(anonymous_18)
DA:12,2
DA:13,2
DA:23,0
DA:27,2
DA:31,0
DA:32,0
DA:33,0
DA:34,0
DA:38,0
DA:43,0
DA:47,1
DA:54,1
DA:55,1
DA:56,1
DA:57,1
DA:58,1
DA:62,1
DA:66,1
DA:70,1
DA:71,0
DA:72,0
DA:74,1
DA:75,1
DA:76,1
DA:80,1
DA:84,0
DA:88,0
DA:89,0
DA:90,0
DA:92,0
DA:93,0
DA:94,0
DA:98,0
DA:102,6
DA:111,6
DA:112,5
DA:114,1
DA:116,1
DA:118,0
DA:120,0
DA:122,0
DA:127,1
DA:128,1
DA:129,1
DA:142,0
DA:160,6
DA:165,30
DA:166,6
DA:168,24
DA:169,24
DA:170,0
DA:172,24
DA:188,5
DA:191,25
DA:192,25
DA:193,5
DA:195,20
DA:196,20
DA:197,20
DA:198,20
DA:199,1
DA:204,19
DA:205,5
DA:207,20
DA:235,1
LF:65
LH:43
BRDA:32,0,0,0
BRDA:32,0,1,0
BRDA:34,1,0,0
BRDA:34,1,1,0
BRDA:35,2,0,0
BRDA:35,2,1,0
BRDA:36,3,0,0
BRDA:36,3,1,0
BRDA:70,4,0,0
BRDA:70,4,1,1
BRDA:88,5,0,0
BRDA:88,5,1,0
BRDA:111,6,0,5
BRDA:111,6,1,1
BRDA:114,7,0,1
BRDA:114,7,1,0
BRDA:114,7,2,0
BRDA:114,7,3,0
BRDA:145,8,0,0
BRDA:145,8,1,0
BRDA:146,9,0,0
BRDA:146,9,1,0
BRDA:165,10,0,6
BRDA:165,10,1,24
BRDA:169,11,0,0
BRDA:169,11,1,24
BRDA:170,12,0,0
BRDA:170,12,1,0
BRDA:192,13,0,5
BRDA:192,13,1,20
BRDA:192,14,0,25
BRDA:192,14,1,25
BRDA:198,15,0,1
BRDA:198,15,1,19
BRDA:198,16,0,20
BRDA:198,16,1,15
BRDA:198,16,2,3
BRDA:198,16,3,3
BRDA:204,17,0,5
BRDA:204,17,1,14
BRDA:214,18,0,20
BRDA:214,18,1,10
BRF:42
BRH:21
end_of_record
TN:
SF:/mnt/c/Users/wild_/sandbox/reactbook/whinepad2/js/source/components/Form.js
FN:8,(anonymous_0)
FN:10,(anonymous_1)
FN:16,(anonymous_2)
FN:18,(anonymous_3)
FNF:4
FNH:0
FNDA:0,(anonymous_0)
FNDA:0,(anonymous_1)
FNDA:0,(anonymous_2)
FNDA:0,(anonymous_3)
DA:9,0
DA:10,0
DA:11,0
DA:13,0
DA:17,0
DA:19,0
DA:20,0
DA:21,0
DA:28,0
DA:29,0
DA:31,0
DA:46,1
LF:12
LH:1
BRDA:19,0,0,0
BRDA:19,0,1,0
BRDA:20,1,0,0
BRDA:20,1,1,0
BRDA:28,2,0,0
BRDA:28,2,1,0
BRDA:35,3,0,0
BRDA:35,3,1,0
BRF:8
BRH:0
end_of_record
TN:
SF:/mnt/c/Users/wild_/sandbox/reactbook/whinepad2/js/source/components/FormInput.js
FN:8,(anonymous_0)
FN:14,(anonymous_1)
FNF:2
FNH:2
FNDA:1,(anonymous_0)
FNDA:1,(anonymous_1)
DA:9,1
DA:15,1
DA:20,1
DA:22,0
DA:29,0
DA:31,0
DA:37,0
DA:39,1
DA:44,1
LF:9
LH:5
BRDA:9,0,0,1
BRDA:9,0,1,0
BRDA:20,1,0,0
BRDA:20,1,1,0
BRDA:20,1,2,0
BRDA:20,1,3,0
BRDA:20,1,4,1
BRDA:26,2,0,0
BRDA:26,2,1,0
BRF:9
BRH:2
end_of_record
TN:
SF:/mnt/c/Users/wild_/sandbox/reactbook/whinepad2/js/source/components/Rating.js
FN:7,(anonymous_0)
FN:15,(anonymous_1)
FN:19,(anonymous_2)
FN:23,(anonymous_3)
FN:30,(anonymous_4)
FN:34,(anonymous_5)
FN:38,(anonymous_6)
FNF:7
FNH:7
FNDA:3,(anonymous_0)
FNDA:1,(anonymous_1)
FNDA:2,(anonymous_2)
FNDA:4,(anonymous_3)
FNDA:1,(anonymous_4)
FNDA:3,(anonymous_5)
FNDA:9,(anonymous_6)
DA:8,3
DA:9,3
DA:16,1
DA:20,2
DA:24,4
DA:31,1
DA:35,3
DA:39,9
DA:40,9
DA:41,45
DA:51,9
DA:72,2
DA:78,2
LF:13
LH:13
BRDA:43,0,0,23
BRDA:43,0,1,22
BRDA:45,1,0,45
BRDA:45,1,1,20
BRDA:46,2,0,45
BRDA:46,2,1,20
BRDA:60,3,0,9
BRDA:60,3,1,0
BRDA:60,4,0,9
BRDA:60,4,1,4
BRF:10
BRH:9
end_of_record
TN:
SF:/mnt/c/Users/wild_/sandbox/reactbook/whinepad2/js/source/components/Suggest.js
FN:7,(anonymous_0)
FN:12,(anonymous_1)
FN:16,(anonymous_2)
FN:23,(anonymous_3)
FN:26,(anonymous_4)
FNF:5
FNH:0
FNDA:0,(anonymous_0)
FNDA:0,(anonymous_1)
FNDA:0,(anonymous_2)
FNDA:0,(anonymous_3)
FNDA:0,(anonymous_4)
DA:8,0
DA:9,0
DA:13,0
DA:17,0
DA:18,0
DA:23,0
DA:27,0
DA:35,1
LF:8
LH:1
BRF:0
BRH:0
end_of_record
